<?xml version="1.0" encoding="UTF-8"?>
<testsuite name="Scenario: Search a product and add the first result/product to the User basket" tests="4" skipped="3" failures="0" errors="0" timestamp="2015-09-16T23:15:11" hostname="Kwames-MBP.default" time="0.013">
  <properties/>
  <testcase name="Given User searched for Lenovo Laptop" classname="Scenario: Search a product and add the first result/product to the User basket" time="0.0">
    <skipped/>
  </testcase>
  <testcase name="When Add the first laptop that appears in the search result to the basket" classname="Scenario: Search a product and add the first result/product to the User basket" time="0.001">
    <skipped/>
  </testcase>
  <testcase name="Then User basket should display with 1" classname="Scenario: Search a product and add the first result/product to the User basket" time="0.0">
    <skipped/>
  </testcase>
  <testcase name="classMethod" classname="Scenario: Search a product and add the first result/product to the User basket" time="0.019"/>
  <system-out><![CDATA[
  Background: User is Logged In ?[90m# test.feature:3?[0m
]]></system-out>
  <system-err><![CDATA[]]></system-err>
</testsuite>
